Arguments: 
  /opt/homebrew/Cellar/node/17.3.0/bin/node /opt/homebrew/bin/yarnpkg install

PATH: 
  /Library/Frameworks/Python.framework/Versions/3.10/bin:/opt/homebrew/bin:/opt/homebrew/sbin:/usr/local/bin:/usr/bin:/bin:/usr/sbin:/sbin:/Library/Frameworks/Python.framework/Versions/3.10/bin:/opt/homebrew/bin:/opt/homebrew/sbin:/Users/melvinchia/Library/Android/sdk/emulator:/Users/melvinchia/Library/Android/sdk/tools:/Users/melvinchia/Library/Android/sdk/tools/bin:/Users/melvinchia/Library/Android/sdk/platform-tools:/Users/melvinchia/Library/Android/sdk/emulator:/Users/melvinchia/Library/Android/sdk/tools:/Users/melvinchia/Library/Android/sdk/tools/bin:/Users/melvinchia/Library/Android/sdk/platform-tools

Yarn version: 
  1.22.17

Node version: 
  17.3.0

Platform: 
  darwin arm64

Trace: 
  Error: read EADDRNOTAVAIL
      at TLSWrap.onStreamRead (node:internal/stream_base_commons:217:20)

npm manifest: 
  {
    "name": "myapp",
    "version": "1.0.0",
    "main": "node_modules/expo/AppEntry.js",
    "scripts": {
      "start": "expo start",
      "android": "expo start --android",
      "ios": "expo start --ios",
      "web": "expo start --web",
      "eject": "expo eject"
    },
    "dependencies": {
      "expo": "~44.0.0",
      "expo-status-bar": "~1.2.0",
      "react": "17.0.1",
      "react-dom": "17.0.1",
      "react-native": "0.64.3",
      "react-native-web": "0.17.1"
    },
    "devDependencies": {
      "@babel/core": "^7.12.9"
    },
    "private": true
  }

yarn manifest: 
  No manifest

Lockfile: 
  No lockfile
